<?xml version="1.0" encoding="UTF-8"?>
<testng-results ignored="0" total="2" passed="2" failed="0" skipped="0">
  <reporter-output>
  </reporter-output>
  <suite started-at="2021-09-28T18:20:00Z" name="Default suite" finished-at="2021-09-28T18:20:23Z" duration-ms="22551">
    <groups>
    </groups>
    <test started-at="2021-09-28T18:20:00Z" name="Default test" finished-at="2021-09-28T18:20:23Z" duration-ms="22551">
      <class name="mavenforJenkins.Facebook">
        <test-method signature="launch()[pri:1, instance:mavenforJenkins.Facebook@34f6515b]" started-at="2021-09-28T18:20:01Z" name="launch" finished-at="2021-09-28T18:20:14Z" duration-ms="13834" status="PASS">
          <reporter-output>
          </reporter-output>
        </test-method> <!-- launch -->
        <test-method signature="login()[pri:2, instance:mavenforJenkins.Facebook@34f6515b]" started-at="2021-09-28T18:20:14Z" name="login" finished-at="2021-09-28T18:20:23Z" duration-ms="8563" status="PASS">
          <reporter-output>
          </reporter-output>
        </test-method> <!-- login -->
      </class> <!-- mavenforJenkins.Facebook -->
    </test> <!-- Default test -->
  </suite> <!-- Default suite -->
</testng-results>
